<?xml version="1.0" encoding="UTF-8"?>
<!-- Generated by org.testng.reporters.JUnitReportReporter -->
<testsuite hostname="Lagan" failures="0" tests="2" name="com.org.MavenTests.RegisterPageTests" time="5.053" errors="0" timestamp="16 мая 2018 14:53:30 GMT" skipped="0">
  <testcase classname="com.org.MavenTests.RegisterPageTests" name="test2" time="3.028"/>
  <testcase classname="com.org.MavenTests.RegisterPageTests" name="test1" time="2.025"/>
</testsuite> <!-- com.org.MavenTests.RegisterPageTests -->
