<?xml version="1.0" encoding="UTF-8"?>
<!-- Generated by org.testng.reporters.JUnitReportReporter -->
<testsuite hostname="Lagan" failures="0" tests="1" name="com.org.MavenTests.RegPageTest" time="8.452" errors="0" timestamp="11 нояб. 2018 15:21:11 GMT" skipped="0">
  <testcase classname="com.org.MavenTests.RegPageTest" name="checkRegistration" time="8.452"/>
</testsuite> <!-- com.org.MavenTests.RegPageTest -->
