<?xml version="1.0" encoding="UTF-8"?>
<!-- Generated by org.testng.reporters.JUnitReportReporter -->
<testsuite hostname="Lagan" failures="0" tests="2" name="com.org.MavenTests.PageTest" time="23.814" errors="0" timestamp="16 мая 2018 15:56:35 GMT" skipped="0">
  <testcase classname="com.org.MavenTests.PageTest" name="test2" time="21.816"/>
  <testcase classname="com.org.MavenTests.PageTest" name="test1" time="1.998"/>
</testsuite> <!-- com.org.MavenTests.PageTest -->
